[0813/171317.106:ERROR:process_memory_win.cc(73)] ReadMemory at 0x2a65a08e5a0 of 72 bytes failed: Only part of a ReadProcessMemory or WriteProcessMemory request was completed. (0x12B)
[0813/171317.110:WARNING:pe_image_annotations_reader.cc(134)] could not read annotations list object in C:\Program Files (x86)\Google\Chrome\Application\84.0.4147.125\chrome_elf.dll
[0813/171317.111:ERROR:process_memory_win.cc(73)] ReadMemory at 0x2a65a0c5e00 of 72 bytes failed: Only part of a ReadProcessMemory or WriteProcessMemory request was completed. (0x12B)
[0813/171317.112:WARNING:pe_image_annotations_reader.cc(134)] could not read annotations list object in C:\Program Files (x86)\Google\Chrome\Application\84.0.4147.125\chrome.dll
[0813/171317.116:ERROR:process_memory_win.cc(73)] ReadMemory at 0x2a65a08e5a0 of 72 bytes failed: Only part of a ReadProcessMemory or WriteProcessMemory request was completed. (0x12B)
[0813/171317.350:WARNING:pe_image_annotations_reader.cc(134)] could not read annotations list object in C:\Program Files (x86)\Google\Chrome\Application\84.0.4147.125\chrome_elf.dll
[0813/171317.350:ERROR:process_memory_win.cc(73)] ReadMemory at 0x7ffa87500000 of 64 bytes failed: Only part of a ReadProcessMemory or WriteProcessMemory request was completed. (0x12B)
[0813/171317.350:WARNING:pe_image_reader.cc(340)] could not read dos header from C:\WINDOWS\SYSTEM32\VERSION.dll
[0813/171317.350:ERROR:process_memory_win.cc(73)] ReadMemory at 0x7ffa8f8c0000 of 64 bytes failed: Only part of a ReadProcessMemory or WriteProcessMemory request was completed. (0x12B)
[0813/171317.351:WARNING:pe_image_reader.cc(340)] could not read dos header from C:\WINDOWS\System32\msvcrt.dll
[0813/171317.351:ERROR:process_memory_win.cc(73)] ReadMemory at 0x7ffa8d0c0000 of 64 bytes failed: Only part of a ReadProcessMemory or WriteProcessMemory request was completed. (0x12B)
[0813/171317.351:WARNING:pe_image_reader.cc(340)] could not read dos header from C:\WINDOWS\System32\bcryptPrimitives.dll
[0813/171317.351:ERROR:process_memory_win.cc(73)] ReadMemory at 0x7ffa8dde0000 of 64 bytes failed: Only part of a ReadProcessMemory or WriteProcessMemory request was completed. (0x12B)
[0813/171317.351:WARNING:pe_image_reader.cc(340)] could not read dos header from C:\WINDOWS\System32\ADVAPI32.dll
[0813/171317.351:ERROR:process_memory_win.cc(73)] ReadMemory at 0x7ffa8e7d0000 of 64 bytes failed: Only part of a ReadProcessMemory or WriteProcessMemory request was completed. (0x12B)
[0813/171317.351:WARNING:pe_image_reader.cc(340)] could not read dos header from C:\WINDOWS\System32\sechost.dll
[0813/171317.351:ERROR:process_memory_win.cc(73)] ReadMemory at 0x7ffa8db10000 of 64 bytes failed: Only part of a ReadProcessMemory or WriteProcessMemory request was completed. (0x12B)
[0813/171317.351:WARNING:pe_image_reader.cc(340)] could not read dos header from C:\WINDOWS\System32\RPCRT4.dll
[0813/171317.352:ERROR:process_memory_win.cc(73)] ReadMemory at 0x7ffa49440000 of 64 bytes failed: Only part of a ReadProcessMemory or WriteProcessMemory request was completed. (0x12B)
[0813/171317.352:WARNING:pe_image_reader.cc(340)] could not read dos header from C:\Program Files (x86)\Google\Chrome\Application\84.0.4147.125\chrome.dll
[0813/171317.352:ERROR:process_memory_win.cc(73)] ReadMemory at 0x7ffa8e6d0000 of 64 bytes failed: Only part of a ReadProcessMemory or WriteProcessMemory request was completed. (0x12B)
[0813/171317.352:WARNING:pe_image_reader.cc(340)] could not read dos header from C:\WINDOWS\System32\WS2_32.dll
[0813/171317.352:ERROR:process_memory_win.cc(73)] ReadMemory at 0x7ffa8e4f0000 of 64 bytes failed: Only part of a ReadProcessMemory or WriteProcessMemory request was completed. (0x12B)
[0813/171317.352:WARNING:pe_image_reader.cc(340)] could not read dos header from C:\WINDOWS\System32\OLEAUT32.dll
[0813/171317.352:ERROR:process_memory_win.cc(73)] ReadMemory at 0x7ffa8d140000 of 64 bytes failed: Only part of a ReadProcessMemory or WriteProcessMemory request was completed. (0x12B)
[0813/171317.352:WARNING:pe_image_reader.cc(340)] could not read dos header from C:\WINDOWS\System32\msvcp_win.dll
[0813/171317.353:ERROR:process_memory_win.cc(73)] ReadMemory at 0x7ffa8cf10000 of 64 bytes failed: Only part of a ReadProcessMemory or WriteProcessMemory request was completed. (0x12B)
[0813/171317.353:WARNING:pe_image_reader.cc(340)] could not read dos header from C:\WINDOWS\System32\ucrtbase.dll
[0813/171317.353:ERROR:process_memory_win.cc(73)] ReadMemory at 0x7ffa8e080000 of 64 bytes failed: Only part of a ReadProcessMemory or WriteProcessMemory request was completed. (0x12B)
[0813/171317.353:WARNING:pe_image_reader.cc(340)] could not read dos header from C:\WINDOWS\System32\combase.dll
[0813/171317.353:ERROR:process_memory_win.cc(73)] ReadMemory at 0x7ffa8ca60000 of 64 bytes failed: Only part of a ReadProcessMemory or WriteProcessMemory request was completed. (0x12B)
[0813/171317.353:WARNING:pe_image_reader.cc(340)] could not read dos header from C:\WINDOWS\System32\WINTRUST.dll
[0813/171317.353:ERROR:process_memory_win.cc(73)] ReadMemory at 0x7ffa8c990000 of 64 bytes failed: Only part of a ReadProcessMemory or WriteProcessMemory request was completed. (0x12B)
[0813/171317.353:WARNING:pe_image_reader.cc(340)] could not read dos header from C:\WINDOWS\System32\MSASN1.dll
[0813/171317.354:ERROR:process_memory_win.cc(73)] ReadMemory at 0x7ffa8d9c0000 of 64 bytes failed: Only part of a ReadProcessMemory or WriteProcessMemory request was completed. (0x12B)
[0813/171317.354:WARNING:pe_image_reader.cc(340)] could not read dos header from C:\WINDOWS\System32\CRYPT32.dll
[0813/171317.354:ERROR:process_memory_win.cc(73)] ReadMemory at 0x7ffa8be30000 of 64 bytes failed: Only part of a ReadProcessMemory or WriteProcessMemory request was completed. (0x12B)
[0813/171317.354:WARNING:pe_image_reader.cc(340)] could not read dos header from C:\WINDOWS\SYSTEM32\IPHLPAPI.DLL
[0813/171317.354:ERROR:process_memory_win.cc(73)] ReadMemory at 0x7ffa89a70000 of 64 bytes failed: Only part of a ReadProcessMemory or WriteProcessMemory request was completed. (0x12B)
[0813/171317.354:WARNING:pe_image_reader.cc(340)] could not read dos header from C:\WINDOWS\SYSTEM32\WINMM.dll
[0813/171317.354:ERROR:process_memory_win.cc(73)] ReadMemory at 0x7ffa79070000 of 64 bytes failed: Only part of a ReadProcessMemory or WriteProcessMemory request was completed. (0x12B)
[0813/171317.355:WARNING:pe_image_reader.cc(340)] could not read dos header from C:\WINDOWS\SYSTEM32\Secur32.dll
[0813/171317.355:ERROR:process_memory_win.cc(73)] ReadMemory at 0x7ffa8c830000 of 64 bytes failed: Only part of a ReadProcessMemory or WriteProcessMemory request was completed. (0x12B)
[0813/171317.355:WARNING:pe_image_reader.cc(340)] could not read dos header from C:\WINDOWS\SYSTEM32\USERENV.dll
[0813/171317.355:ERROR:process_memory_win.cc(73)] ReadMemory at 0x7ffa8c9b0000 of 64 bytes failed: Only part of a ReadProcessMemory or WriteProcessMemory request was completed. (0x12B)
[0813/171317.355:WARNING:pe_image_reader.cc(340)] could not read dos header from C:\WINDOWS\System32\profapi.dll
[0813/171317.355:ERROR:process_memory_win.cc(73)] ReadMemory at 0x7ffa6faf0000 of 64 bytes failed: Only part of a ReadProcessMemory or WriteProcessMemory request was completed. (0x12B)
[0813/171317.355:WARNING:pe_image_reader.cc(340)] could not read dos header from C:\WINDOWS\SYSTEM32\UIAutomationCore.DLL
[0813/171317.355:ERROR:process_memory_win.cc(73)] ReadMemory at 0x7ffa7d430000 of 64 bytes failed: Only part of a ReadProcessMemory or WriteProcessMemory request was completed. (0x12B)
[0813/171317.355:WARNING:pe_image_reader.cc(340)] could not read dos header from C:\WINDOWS\SYSTEM32\DWrite.dll
[0813/171317.356:ERROR:process_memory_win.cc(73)] ReadMemory at 0x7ffa7bae0000 of 64 bytes failed: Only part of a ReadProcessMemory or WriteProcessMemory request was completed. (0x12B)
[0813/171317.356:WARNING:pe_image_reader.cc(340)] could not read dos header from C:\WINDOWS\SYSTEM32\WINSPOOL.DRV
[0813/171317.356:ERROR:process_memory_win.cc(73)] ReadMemory at 0x7ffa8c920000 of 64 bytes failed: Only part of a ReadProcessMemory or WriteProcessMemory request was completed. (0x12B)
[0813/171317.356:WARNING:pe_image_reader.cc(340)] could not read dos header from C:\WINDOWS\System32\kernel.appcore.dll
[0813/171317.356:ERROR:process_memory_win.cc(73)] ReadMemory at 0x7ffa8ca00000 of 64 bytes failed: Only part of a ReadProcessMemory or WriteProcessMemory request was completed. (0x12B)
[0813/171317.356:WARNING:pe_image_reader.cc(340)] could not read dos header from C:\WINDOWS\System32\bcrypt.dll
[0813/171317.356:ERROR:process_memory_win.cc(73)] ReadMemory at 0x7ffa8b060000 of 64 bytes failed: Only part of a ReadProcessMemory or WriteProcessMemory request was completed. (0x12B)
[0813/171317.356:WARNING:pe_image_reader.cc(340)] could not read dos header from C:\WINDOWS\SYSTEM32\dbghelp.dll
[0813/171317.357:ERROR:process_memory_win.cc(73)] ReadMemory at 0x7ffa7bb70000 of 64 bytes failed: Only part of a ReadProcessMemory or WriteProcessMemory request was completed. (0x12B)
[0813/171317.357:WARNING:pe_image_reader.cc(340)] could not read dos header from C:\WINDOWS\SYSTEM32\WINHTTP.dll
[0813/171317.357:ERROR:process_memory_win.cc(73)] ReadMemory at 0x7ffa85840000 of 64 bytes failed: Only part of a ReadProcessMemory or WriteProcessMemory request was completed. (0x12B)
[0813/171317.357:WARNING:pe_image_reader.cc(340)] could not read dos header from C:\WINDOWS\SYSTEM32\dhcpcsvc.DLL
[0813/171317.357:ERROR:process_memory_win.cc(73)] ReadMemory at 0x7ffa8e4d0000 of 64 bytes failed: Only part of a ReadProcessMemory or WriteProcessMemory request was completed. (0x12B)
[0813/171317.357:WARNING:pe_image_reader.cc(340)] could not read dos header from C:\WINDOWS\System32\NSI.dll
[0813/171317.357:ERROR:process_memory_win.cc(73)] ReadMemory at 0x7ffa89220000 of 64 bytes failed: Only part of a ReadProcessMemory or WriteProcessMemory request was completed. (0x12B)
[0813/171317.357:WARNING:pe_image_reader.cc(340)] could not read dos header from C:\WINDOWS\SYSTEM32\WINMMBASE.dll
[0813/171317.357:ERROR:process_memory_win.cc(73)] ReadMemory at 0x7ffa8d1e0000 of 64 bytes failed: Only part of a ReadProcessMemory or WriteProcessMemory request was completed. (0x12B)
[0813/171317.358:WARNING:pe_image_reader.cc(340)] could not read dos header from C:\WINDOWS\System32\cfgmgr32.dll
[0813/171317.358:ERROR:process_memory_win.cc(73)] ReadMemory at 0x7ffa88c20000 of 64 bytes failed: Only part of a ReadProcessMemory or WriteProcessMemory request was completed. (0x12B)
[0813/171317.358:WARNING:pe_image_reader.cc(340)] could not read dos header from C:\WINDOWS\SYSTEM32\PROPSYS.dll
[0813/171317.358:ERROR:process_memory_win.cc(73)] ReadMemory at 0x7ffa8ecb0000 of 64 bytes failed: Only part of a ReadProcessMemory or WriteProcessMemory request was completed. (0x12B)
[0813/171317.358:WARNING:pe_image_reader.cc(340)] could not read dos header from C:\WINDOWS\System32\shcore.dll
[0813/171317.358:ERROR:process_memory_win.cc(73)] ReadMemory at 0x7ffa8c800000 of 64 bytes failed: Only part of a ReadProcessMemory or WriteProcessMemory request was completed. (0x12B)
[0813/171317.358:WARNING:pe_image_reader.cc(340)] could not read dos header from C:\WINDOWS\SYSTEM32\SSPICLI.DLL
[0813/171317.359:ERROR:process_memory_win.cc(73)] ReadMemory at 0x7ffa8f1d0000 of 64 bytes failed: Only part of a ReadProcessMemory or WriteProcessMemory request was completed. (0x12B)
[0813/171317.359:WARNING:pe_image_reader.cc(340)] could not read dos header from C:\WINDOWS\System32\SHELL32.dll
[0813/171317.359:ERROR:process_memory_win.cc(73)] ReadMemory at 0x7ffa8d230000 of 64 bytes failed: Only part of a ReadProcessMemory or WriteProcessMemory request was completed. (0x12B)
[0813/171317.359:WARNING:pe_image_reader.cc(340)] could not read dos header from C:\WINDOWS\System32\windows.storage.dll
[0813/171317.359:ERROR:process_memory_win.cc(73)] ReadMemory at 0x7ffa8c940000 of 64 bytes failed: Only part of a ReadProcessMemory or WriteProcessMemory request was completed. (0x12B)
[0813/171317.359:WARNING:pe_image_reader.cc(340)] could not read dos header from C:\WINDOWS\System32\powrprof.dll
[0813/171317.359:ERROR:process_memory_win.cc(73)] ReadMemory at 0x7ffa8c910000 of 64 bytes failed: Only part of a ReadProcessMemory or WriteProcessMemory request was completed. (0x12B)
[0813/171317.359:WARNING:pe_image_reader.cc(340)] could not read dos header from C:\WINDOWS\System32\UMPDC.dll
[0813/171317.359:ERROR:process_memory_win.cc(73)] ReadMemory at 0x7ffa8f960000 of 64 bytes failed: Only part of a ReadProcessMemory or WriteProcessMemory request was completed. (0x12B)
[0813/171317.359:WARNING:pe_image_reader.cc(340)] could not read dos header from C:\WINDOWS\System32\shlwapi.dll
[0813/171317.360:ERROR:process_memory_win.cc(73)] ReadMemory at 0x7ffa8de90000 of 64 bytes failed: Only part of a ReadProcessMemory or WriteProcessMemory request was completed. (0x12B)
[0813/171317.360:WARNING:pe_image_reader.cc(340)] could not read dos header from C:\WINDOWS\System32\GDI32.dll
[0813/171317.360:ERROR:process_memory_win.cc(73)] ReadMemory at 0x7ffa8ca30000 of 64 bytes failed: Only part of a ReadProcessMemory or WriteProcessMemory request was completed. (0x12B)
[0813/171317.360:WARNING:pe_image_reader.cc(340)] could not read dos header from C:\WINDOWS\System32\win32u.dll
[0813/171317.360:ERROR:process_memory_win.cc(73)] ReadMemory at 0x7ffa8cd70000 of 64 bytes failed: Only part of a ReadProcessMemory or WriteProcessMemory request was completed. (0x12B)
[0813/171317.360:WARNING:pe_image_reader.cc(340)] could not read dos header from C:\WINDOWS\System32\gdi32full.dll
[0813/171317.360:ERROR:process_memory_win.cc(73)] ReadMemory at 0x7ffa8e8f0000 of 64 bytes failed: Only part of a ReadProcessMemory or WriteProcessMemory request was completed. (0x12B)
[0813/171317.360:WARNING:pe_image_reader.cc(340)] could not read dos header from C:\WINDOWS\System32\USER32.dll
[0813/171317.360:ERROR:process_memory_win.cc(73)] ReadMemory at 0x7ffa8c9e0000 of 64 bytes failed: Only part of a ReadProcessMemory or WriteProcessMemory request was completed. (0x12B)
[0813/171317.360:WARNING:pe_image_reader.cc(340)] could not read dos header from C:\WINDOWS\System32\cryptsp.dll
[0813/171317.361:ERROR:process_memory_win.cc(73)] ReadMemory at 0x7ffa8e3c0000 of 64 bytes failed: Only part of a ReadProcessMemory or WriteProcessMemory request was completed. (0x12B)
[0813/171317.361:WARNING:pe_image_reader.cc(340)] could not read dos header from C:\WINDOWS\System32\IMM32.DLL
[0813/171317.361:ERROR:process_memory_win.cc(73)] ReadMemory at 0x7ffa8c350000 of 64 bytes failed: Only part of a ReadProcessMemory or WriteProcessMemory request was completed. (0x12B)
[0813/171317.361:WARNING:pe_image_reader.cc(340)] could not read dos header from C:\WINDOWS\SYSTEM32\CRYPTBASE.DLL
[0813/171317.415:ERROR:process_memory_win.cc(73)] ReadMemory at 0xddfafed000 of 77824 bytes failed: Only part of a ReadProcessMemory or WriteProcessMemory request was completed. (0x12B)
[0813/171317.416:ERROR:process_memory_win.cc(73)] ReadMemory at 0xddfb7fd000 of 12288 bytes failed: Only part of a ReadProcessMemory or WriteProcessMemory request was completed. (0x12B)
[0813/171317.416:ERROR:process_memory_win.cc(73)] ReadMemory at 0xddfc7fd000 of 12288 bytes failed: Only part of a ReadProcessMemory or WriteProcessMemory request was completed. (0x12B)
[0813/171317.416:ERROR:process_memory_win.cc(73)] ReadMemory at 0xddfcffb000 of 20480 bytes failed: Only part of a ReadProcessMemory or WriteProcessMemory request was completed. (0x12B)
[0813/171317.417:ERROR:process_memory_win.cc(73)] ReadMemory at 0xddfd7fe000 of 8192 bytes failed: Only part of a ReadProcessMemory or WriteProcessMemory request was completed. (0x12B)
[0813/171317.417:ERROR:process_memory_win.cc(73)] ReadMemory at 0xddfdffd000 of 12288 bytes failed: Only part of a ReadProcessMemory or WriteProcessMemory request was completed. (0x12B)
[0813/171317.417:ERROR:process_memory_win.cc(73)] ReadMemory at 0xddfe7fb000 of 20480 bytes failed: Only part of a ReadProcessMemory or WriteProcessMemory request was completed. (0x12B)
[0813/171317.418:ERROR:process_memory_win.cc(73)] ReadMemory at 0xddff7fd000 of 12288 bytes failed: Only part of a ReadProcessMemory or WriteProcessMemory request was completed. (0x12B)
[0813/171317.418:ERROR:process_memory_win.cc(73)] ReadMemory at 0xddffff7000 of 36864 bytes failed: Only part of a ReadProcessMemory or WriteProcessMemory request was completed. (0x12B)
[0813/171317.419:ERROR:process_memory_win.cc(73)] ReadMemory at 0xdd807f6000 of 40960 bytes failed: Only part of a ReadProcessMemory or WriteProcessMemory request was completed. (0x12B)
[0813/171317.419:ERROR:process_memory_win.cc(73)] ReadMemory at 0xdd80ffc000 of 16384 bytes failed: Only part of a ReadProcessMemory or WriteProcessMemory request was completed. (0x12B)
[0813/171317.419:ERROR:process_memory_win.cc(73)] ReadMemory at 0xdd827fc000 of 16384 bytes failed: Only part of a ReadProcessMemory or WriteProcessMemory request was completed. (0x12B)
[0813/171317.420:ERROR:process_memory_win.cc(73)] ReadMemory at 0xdd82ffa000 of 24576 bytes failed: Only part of a ReadProcessMemory or WriteProcessMemory request was completed. (0x12B)
[0813/171317.420:ERROR:process_memory_win.cc(73)] ReadMemory at 0xdd837f8000 of 32768 bytes failed: Only part of a ReadProcessMemory or WriteProcessMemory request was completed. (0x12B)
[0813/171317.420:ERROR:process_memory_win.cc(73)] ReadMemory at 0xdd83ffa000 of 24576 bytes failed: Only part of a ReadProcessMemory or WriteProcessMemory request was completed. (0x12B)
[0813/171317.420:ERROR:process_memory_win.cc(73)] ReadMemory at 0xdd847fc000 of 16384 bytes failed: Only part of a ReadProcessMemory or WriteProcessMemory request was completed. (0x12B)
[0813/171317.421:ERROR:process_memory_win.cc(73)] ReadMemory at 0xdd817fd000 of 12288 bytes failed: Only part of a ReadProcessMemory or WriteProcessMemory request was completed. (0x12B)
[0813/171317.421:ERROR:process_memory_win.cc(73)] ReadMemory at 0xddfa635000 of 852 bytes failed: Only part of a ReadProcessMemory or WriteProcessMemory request was completed. (0x12B)
[0813/171317.422:ERROR:process_memory_win.cc(73)] ReadMemory at 0xddfa636000 of 6024 bytes failed: Only part of a ReadProcessMemory or WriteProcessMemory request was completed. (0x12B)
[0813/171317.422:ERROR:process_memory_win.cc(73)] ReadMemory at 0xddfa638000 of 6024 bytes failed: Only part of a ReadProcessMemory or WriteProcessMemory request was completed. (0x12B)
[0813/171317.422:ERROR:process_memory_win.cc(73)] ReadMemory at 0xddfa63c000 of 6024 bytes failed: Only part of a ReadProcessMemory or WriteProcessMemory request was completed. (0x12B)
[0813/171317.423:ERROR:process_memory_win.cc(73)] ReadMemory at 0xddfa63e000 of 6024 bytes failed: Only part of a ReadProcessMemory or WriteProcessMemory request was completed. (0x12B)
[0813/171317.423:ERROR:process_memory_win.cc(73)] ReadMemory at 0xddfa640000 of 6024 bytes failed: Only part of a ReadProcessMemory or WriteProcessMemory request was completed. (0x12B)
[0813/171317.423:ERROR:process_memory_win.cc(73)] ReadMemory at 0xddfa642000 of 6024 bytes failed: Only part of a ReadProcessMemory or WriteProcessMemory request was completed. (0x12B)
[0813/171317.423:ERROR:process_memory_win.cc(73)] ReadMemory at 0xddfa644000 of 6024 bytes failed: Only part of a ReadProcessMemory or WriteProcessMemory request was completed. (0x12B)
[0813/171317.424:ERROR:process_memory_win.cc(73)] ReadMemory at 0xddfa648000 of 6024 bytes failed: Only part of a ReadProcessMemory or WriteProcessMemory request was completed. (0x12B)
[0813/171317.424:ERROR:process_memory_win.cc(73)] ReadMemory at 0xddfa64a000 of 6024 bytes failed: Only part of a ReadProcessMemory or WriteProcessMemory request was completed. (0x12B)
[0813/171317.424:ERROR:process_memory_win.cc(73)] ReadMemory at 0xddfa64c000 of 6024 bytes failed: Only part of a ReadProcessMemory or WriteProcessMemory request was completed. (0x12B)
[0813/171317.425:ERROR:process_memory_win.cc(73)] ReadMemory at 0xddfa64e000 of 6024 bytes failed: Only part of a ReadProcessMemory or WriteProcessMemory request was completed. (0x12B)
[0813/171317.425:ERROR:process_memory_win.cc(73)] ReadMemory at 0xddfa654000 of 6024 bytes failed: Only part of a ReadProcessMemory or WriteProcessMemory request was completed. (0x12B)
[0813/171317.425:ERROR:process_memory_win.cc(73)] ReadMemory at 0xddfa656000 of 6024 bytes failed: Only part of a ReadProcessMemory or WriteProcessMemory request was completed. (0x12B)
[0813/171317.426:ERROR:process_memory_win.cc(73)] ReadMemory at 0xddfa658000 of 6024 bytes failed: Only part of a ReadProcessMemory or WriteProcessMemory request was completed. (0x12B)
[0813/171317.426:ERROR:process_memory_win.cc(73)] ReadMemory at 0xddfa65a000 of 6024 bytes failed: Only part of a ReadProcessMemory or WriteProcessMemory request was completed. (0x12B)
[0813/171317.426:ERROR:process_memory_win.cc(73)] ReadMemory at 0xddfa65c000 of 6024 bytes failed: Only part of a ReadProcessMemory or WriteProcessMemory request was completed. (0x12B)
[0813/171317.427:ERROR:process_memory_win.cc(73)] ReadMemory at 0xddfa660000 of 6024 bytes failed: Only part of a ReadProcessMemory or WriteProcessMemory request was completed. (0x12B)
[0813/171317.427:ERROR:process_memory_win.cc(73)] ReadMemory at 0x2a65a0113c0 of 512 bytes failed: Only part of a ReadProcessMemory or WriteProcessMemory request was completed. (0x12B)
[0813/171317.427:ERROR:process_memory_win.cc(73)] ReadMemory at 0x2a65a011840 of 512 bytes failed: Only part of a ReadProcessMemory or WriteProcessMemory request was completed. (0x12B)
[0813/171317.427:ERROR:process_memory_win.cc(73)] ReadMemory at 0x2a65a013700 of 896 bytes failed: Only part of a ReadProcessMemory or WriteProcessMemory request was completed. (0x12B)
[0813/171317.428:ERROR:process_memory_win.cc(73)] ReadMemory at 0x2a65a013e80 of 512 bytes failed: Only part of a ReadProcessMemory or WriteProcessMemory request was completed. (0x12B)
[0813/171317.428:ERROR:process_memory_win.cc(73)] ReadMemory at 0x2a65a080000 of 384 bytes failed: Only part of a ReadProcessMemory or WriteProcessMemory request was completed. (0x12B)
[0813/171317.428:ERROR:process_memory_win.cc(73)] ReadMemory at 0x2a65a080fe0 of 4062 bytes failed: Only part of a ReadProcessMemory or WriteProcessMemory request was completed. (0x12B)
[0813/171317.428:ERROR:process_memory_win.cc(73)] ReadMemory at 0x2a65a081fd0 of 1012 bytes failed: Only part of a ReadProcessMemory or WriteProcessMemory request was completed. (0x12B)
[0813/171317.428:ERROR:process_memory_win.cc(73)] ReadMemory at 0x2a65a082618 of 118 bytes failed: Only part of a ReadProcessMemory or WriteProcessMemory request was completed. (0x12B)
[0813/171317.429:ERROR:process_memory_win.cc(73)] ReadMemory at 0x2a65a082690 of 1182 bytes failed: Only part of a ReadProcessMemory or WriteProcessMemory request was completed. (0x12B)
[0813/171317.429:ERROR:process_memory_win.cc(73)] ReadMemory at 0x2a65a082b30 of 118 bytes failed: Only part of a ReadProcessMemory or WriteProcessMemory request was completed. (0x12B)
[0813/171317.429:ERROR:process_memory_win.cc(73)] ReadMemory at 0x2a65a082ba8 of 96 bytes failed: Only part of a ReadProcessMemory or WriteProcessMemory request was completed. (0x12B)
[0813/171317.429:ERROR:process_memory_win.cc(73)] ReadMemory at 0x2a65a082c20 of 58 bytes failed: Only part of a ReadProcessMemory or WriteProcessMemory request was completed. (0x12B)
[0813/171317.430:ERROR:process_memory_win.cc(73)] ReadMemory at 0x2a65a082d20 of 132 bytes failed: Only part of a ReadProcessMemory or WriteProcessMemory request was completed. (0x12B)
[0813/171317.430:ERROR:process_memory_win.cc(73)] ReadMemory at 0x2a65a082eb0 of 132 bytes failed: Only part of a ReadProcessMemory or WriteProcessMemory request was completed. (0x12B)
[0813/171317.430:ERROR:process_memory_win.cc(73)] ReadMemory at 0x2a65a083070 of 126 bytes failed: Only part of a ReadProcessMemory or WriteProcessMemory request was completed. (0x12B)
[0813/171317.430:ERROR:process_memory_win.cc(73)] ReadMemory at 0x2a65a083450 of 132 bytes failed: Only part of a ReadProcessMemory or WriteProcessMemory request was completed. (0x12B)
[0813/171317.431:ERROR:process_memory_win.cc(73)] ReadMemory at 0x2a65a0835e0 of 64 bytes failed: Only part of a ReadProcessMemory or WriteProcessMemory request was completed. (0x12B)
[0813/171317.431:ERROR:process_memory_win.cc(73)] ReadMemory at 0x2a65a0837a0 of 132 bytes failed: Only part of a ReadProcessMemory or WriteProcessMemory request was completed. (0x12B)
[0813/171317.431:ERROR:process_memory_win.cc(73)] ReadMemory at 0x2a65a083a40 of 132 bytes failed: Only part of a ReadProcessMemory or WriteProcessMemory request was completed. (0x12B)
[0813/171317.432:ERROR:process_memory_win.cc(73)] ReadMemory at 0x2a65a083bd0 of 68 bytes failed: Only part of a ReadProcessMemory or WriteProcessMemory request was completed. (0x12B)
[0813/171317.432:ERROR:process_memory_win.cc(73)] ReadMemory at 0x2a65a084d70 of 132 bytes failed: Only part of a ReadProcessMemory or WriteProcessMemory request was completed. (0x12B)
[0813/171317.432:ERROR:process_memory_win.cc(73)] ReadMemory at 0x2a65a084f00 of 154 bytes failed: Only part of a ReadProcessMemory or WriteProcessMemory request was completed. (0x12B)
[0813/171317.432:ERROR:process_memory_win.cc(73)] ReadMemory at 0x2a65a085cf0 of 62 bytes failed: Only part of a ReadProcessMemory or WriteProcessMemory request was completed. (0x12B)
[0813/171317.433:ERROR:process_memory_win.cc(73)] ReadMemory at 0x2a65a085ee0 of 60 bytes failed: Only part of a ReadProcessMemory or WriteProcessMemory request was completed. (0x12B)
[0813/171317.433:ERROR:process_memory_win.cc(73)] ReadMemory at 0x2a65a086490 of 132 bytes failed: Only part of a ReadProcessMemory or WriteProcessMemory request was completed. (0x12B)
[0813/171317.433:ERROR:process_memory_win.cc(73)] ReadMemory at 0x2a65a08d5fc of 512 bytes failed: Only part of a ReadProcessMemory or WriteProcessMemory request was completed. (0x12B)
[0813/171317.433:ERROR:process_memory_win.cc(73)] ReadMemory at 0x2a65a08e2f0 of 54 bytes failed: Only part of a ReadProcessMemory or WriteProcessMemory request was completed. (0x12B)
[0813/171317.434:ERROR:process_memory_win.cc(73)] ReadMemory at 0x2a65a0916b0 of 80 bytes failed: Only part of a ReadProcessMemory or WriteProcessMemory request was completed. (0x12B)
[0813/171317.434:ERROR:process_memory_win.cc(73)] ReadMemory at 0x2a65a092dc0 of 132 bytes failed: Only part of a ReadProcessMemory or WriteProcessMemory request was completed. (0x12B)
[0813/171317.434:ERROR:process_memory_win.cc(73)] ReadMemory at 0x2a65a093690 of 132 bytes failed: Only part of a ReadProcessMemory or WriteProcessMemory request was completed. (0x12B)
[0813/171317.434:ERROR:process_memory_win.cc(73)] ReadMemory at 0x2a65a0939b0 of 132 bytes failed: Only part of a ReadProcessMemory or WriteProcessMemory request was completed. (0x12B)
[0813/171317.434:ERROR:process_memory_win.cc(73)] ReadMemory at 0x2a65a093e50 of 132 bytes failed: Only part of a ReadProcessMemory or WriteProcessMemory request was completed. (0x12B)
[0813/171317.435:ERROR:process_memory_win.cc(73)] ReadMemory at 0x2a65a0940d0 of 132 bytes failed: Only part of a ReadProcessMemory or WriteProcessMemory request was completed. (0x12B)
[0813/171317.435:ERROR:process_memory_win.cc(73)] ReadMemory at 0x2a65a095590 of 78 bytes failed: Only part of a ReadProcessMemory or WriteProcessMemory request was completed. (0x12B)
[0813/171317.435:ERROR:process_memory_win.cc(73)] ReadMemory at 0x2a65a095830 of 80 bytes failed: Only part of a ReadProcessMemory or WriteProcessMemory request was completed. (0x12B)
[0813/171317.435:ERROR:process_memory_win.cc(73)] ReadMemory at 0x2a65a0959b0 of 76 bytes failed: Only part of a ReadProcessMemory or WriteProcessMemory request was completed. (0x12B)
[0813/171317.436:ERROR:process_memory_win.cc(73)] ReadMemory at 0x2a65a097170 of 132 bytes failed: Only part of a ReadProcessMemory or WriteProcessMemory request was completed. (0x12B)
[0813/171317.436:ERROR:process_memory_win.cc(73)] ReadMemory at 0x2a65a0972a0 of 146 bytes failed: Only part of a ReadProcessMemory or WriteProcessMemory request was completed. (0x12B)
[0813/171317.436:ERROR:process_memory_win.cc(73)] ReadMemory at 0x2a65a098620 of 132 bytes failed: Only part of a ReadProcessMemory or WriteProcessMemory request was completed. (0x12B)
[0813/171317.436:ERROR:process_memory_win.cc(73)] ReadMemory at 0x2a65a098980 of 132 bytes failed: Only part of a ReadProcessMemory or WriteProcessMemory request was completed. (0x12B)
[0813/171317.436:ERROR:process_memory_win.cc(73)] ReadMemory at 0x2a65a09b5a0 of 60 bytes failed: Only part of a ReadProcessMemory or WriteProcessMemory request was completed. (0x12B)
[0813/171317.437:ERROR:process_memory_win.cc(73)] ReadMemory at 0x2a65a09b5f0 of 64 bytes failed: Only part of a ReadProcessMemory or WriteProcessMemory request was completed. (0x12B)
[0813/171317.437:ERROR:process_memory_win.cc(73)] ReadMemory at 0x2a65a09b640 of 62 bytes failed: Only part of a ReadProcessMemory or WriteProcessMemory request was completed. (0x12B)
[0813/171317.437:ERROR:process_memory_win.cc(73)] ReadMemory at 0x2a65a09b690 of 64 bytes failed: Only part of a ReadProcessMemory or WriteProcessMemory request was completed. (0x12B)
[0813/171317.437:ERROR:process_memory_win.cc(73)] ReadMemory at 0x2a65a09b6e0 of 66 bytes failed: Only part of a ReadProcessMemory or WriteProcessMemory request was completed. (0x12B)
[0813/171317.438:ERROR:process_memory_win.cc(73)] ReadMemory at 0x2a65a09b780 of 64 bytes failed: Only part of a ReadProcessMemory or WriteProcessMemory request was completed. (0x12B)
[0813/171317.438:ERROR:process_memory_win.cc(73)] ReadMemory at 0x2a65a09b820 of 64 bytes failed: Only part of a ReadProcessMemory or WriteProcessMemory request was completed. (0x12B)
[0813/171317.438:ERROR:process_memory_win.cc(73)] ReadMemory at 0x2a65a09b870 of 62 bytes failed: Only part of a ReadProcessMemory or WriteProcessMemory request was completed. (0x12B)
[0813/171317.438:ERROR:process_memory_win.cc(73)] ReadMemory at 0x2a65a09b910 of 64 bytes failed: Only part of a ReadProcessMemory or WriteProcessMemory request was completed. (0x12B)
[0813/171317.439:ERROR:process_memory_win.cc(73)] ReadMemory at 0x2a65a09b960 of 64 bytes failed: Only part of a ReadProcessMemory or WriteProcessMemory request was completed. (0x12B)
[0813/171317.439:ERROR:process_memory_win.cc(73)] ReadMemory at 0x2a65a09baf0 of 62 bytes failed: Only part of a ReadProcessMemory or WriteProcessMemory request was completed. (0x12B)
[0813/171317.439:ERROR:process_memory_win.cc(73)] ReadMemory at 0x2a65a09bb40 of 58 bytes failed: Only part of a ReadProcessMemory or WriteProcessMemory request was completed. (0x12B)
[0813/171317.439:ERROR:process_memory_win.cc(73)] ReadMemory at 0x2a65a09bb90 of 60 bytes failed: Only part of a ReadProcessMemory or WriteProcessMemory request was completed. (0x12B)
[0813/171317.439:ERROR:process_memory_win.cc(73)] ReadMemory at 0x2a65a09bc80 of 62 bytes failed: Only part of a ReadProcessMemory or WriteProcessMemory request was completed. (0x12B)
[0813/171317.440:ERROR:process_memory_win.cc(73)] ReadMemory at 0x2a65a09bd20 of 60 bytes failed: Only part of a ReadProcessMemory or WriteProcessMemory request was completed. (0x12B)
[0813/171317.440:ERROR:process_memory_win.cc(73)] ReadMemory at 0x2a65a09be10 of 62 bytes failed: Only part of a ReadProcessMemory or WriteProcessMemory request was completed. (0x12B)
[0813/171317.440:ERROR:process_memory_win.cc(73)] ReadMemory at 0x2a65a09be60 of 64 bytes failed: Only part of a ReadProcessMemory or WriteProcessMemory request was completed. (0x12B)
[0813/171317.440:ERROR:process_memory_win.cc(73)] ReadMemory at 0x2a65a09bf00 of 62 bytes failed: Only part of a ReadProcessMemory or WriteProcessMemory request was completed. (0x12B)
[0813/171317.441:ERROR:process_memory_win.cc(73)] ReadMemory at 0x2a65a09bf50 of 64 bytes failed: Only part of a ReadProcessMemory or WriteProcessMemory request was completed. (0x12B)
[0813/171317.441:ERROR:process_memory_win.cc(73)] ReadMemory at 0x2a65a09c090 of 62 bytes failed: Only part of a ReadProcessMemory or WriteProcessMemory request was completed. (0x12B)
[0813/171317.442:ERROR:process_memory_win.cc(73)] ReadMemory at 0x2a65a09c0e0 of 60 bytes failed: Only part of a ReadProcessMemory or WriteProcessMemory request was completed. (0x12B)
[0813/171317.442:ERROR:process_memory_win.cc(73)] ReadMemory at 0x2a65a09c180 of 62 bytes failed: Only part of a ReadProcessMemory or WriteProcessMemory request was completed. (0x12B)
[0813/171317.443:ERROR:process_memory_win.cc(73)] ReadMemory at 0x2a65a09c270 of 66 bytes failed: Only part of a ReadProcessMemory or WriteProcessMemory request was completed. (0x12B)
[0813/171317.443:ERROR:process_memory_win.cc(73)] ReadMemory at 0x2a65a09c2c0 of 60 bytes failed: Only part of a ReadProcessMemory or WriteProcessMemory request was completed. (0x12B)
[0813/171317.443:ERROR:process_memory_win.cc(73)] ReadMemory at 0x2a65a09c310 of 62 bytes failed: Only part of a ReadProcessMemory or WriteProcessMemory request was completed. (0x12B)
[0813/171317.444:ERROR:process_memory_win.cc(73)] ReadMemory at 0x2a65a09c360 of 62 bytes failed: Only part of a ReadProcessMemory or WriteProcessMemory request was completed. (0x12B)
[0813/171317.444:ERROR:process_memory_win.cc(73)] ReadMemory at 0x2a65a09c400 of 60 bytes failed: Only part of a ReadProcessMemory or WriteProcessMemory request was completed. (0x12B)
[0813/171317.444:ERROR:process_memory_win.cc(73)] ReadMemory at 0x2a65a09e570 of 132 bytes failed: Only part of a ReadProcessMemory or WriteProcessMemory request was completed. (0x12B)
[0813/171317.445:ERROR:process_memory_win.cc(73)] ReadMemory at 0x2a65a0a0cb0 of 132 bytes failed: Only part of a ReadProcessMemory or WriteProcessMemory request was completed. (0x12B)
[0813/171317.445:ERROR:process_memory_win.cc(73)] ReadMemory at 0x2a65a0a0f10 of 132 bytes failed: Only part of a ReadProcessMemory or WriteProcessMemory request was completed. (0x12B)
[0813/171317.445:ERROR:process_memory_win.cc(73)] ReadMemory at 0x2a65a0a1040 of 132 bytes failed: Only part of a ReadProcessMemory or WriteProcessMemory request was completed. (0x12B)
[0813/171317.446:ERROR:process_memory_win.cc(73)] ReadMemory at 0x2a65a0a12a0 of 132 bytes failed: Only part of a ReadProcessMemory or WriteProcessMemory request was completed. (0x12B)
[0813/171317.446:ERROR:process_memory_win.cc(73)] ReadMemory at 0x2a65a0a13d0 of 132 bytes failed: Only part of a ReadProcessMemory or WriteProcessMemory request was completed. (0x12B)
[0813/171317.446:ERROR:process_memory_win.cc(73)] ReadMemory at 0x2a65a0a1500 of 132 bytes failed: Only part of a ReadProcessMemory or WriteProcessMemory request was completed. (0x12B)
[0813/171317.446:ERROR:process_memory_win.cc(73)] ReadMemory at 0x2a65a0a1630 of 132 bytes failed: Only part of a ReadProcessMemory or WriteProcessMemory request was completed. (0x12B)
[0813/171317.447:ERROR:process_memory_win.cc(73)] ReadMemory at 0x2a65a0a1760 of 132 bytes failed: Only part of a ReadProcessMemory or WriteProcessMemory request was completed. (0x12B)
[0813/171317.447:ERROR:process_memory_win.cc(73)] ReadMemory at 0x2a65a0a1890 of 132 bytes failed: Only part of a ReadProcessMemory or WriteProcessMemory request was completed. (0x12B)
[0813/171317.447:ERROR:process_memory_win.cc(73)] ReadMemory at 0x2a65a0a19c0 of 132 bytes failed: Only part of a ReadProcessMemory or WriteProcessMemory request was completed. (0x12B)
[0813/171317.447:ERROR:process_memory_win.cc(73)] ReadMemory at 0x2a65a0a1af0 of 132 bytes failed: Only part of a ReadProcessMemory or WriteProcessMemory request was completed. (0x12B)
[0813/171317.448:ERROR:process_memory_win.cc(73)] ReadMemory at 0x2a65a0a1c20 of 132 bytes failed: Only part of a ReadProcessMemory or WriteProcessMemory request was completed. (0x12B)
[0813/171317.448:ERROR:process_memory_win.cc(73)] ReadMemory at 0x2a65a0a1d50 of 132 bytes failed: Only part of a ReadProcessMemory or WriteProcessMemory request was completed. (0x12B)
[0813/171317.448:ERROR:process_memory_win.cc(73)] ReadMemory at 0x2a65a0a2000 of 132 bytes failed: Only part of a ReadProcessMemory or WriteProcessMemory request was completed. (0x12B)
[0813/171317.448:ERROR:process_memory_win.cc(73)] ReadMemory at 0x2a65a0a2130 of 132 bytes failed: Only part of a ReadProcessMemory or WriteProcessMemory request was completed. (0x12B)
[0813/171317.448:ERROR:process_memory_win.cc(73)] ReadMemory at 0x2a65a0a2260 of 132 bytes failed: Only part of a ReadProcessMemory or WriteProcessMemory request was completed. (0x12B)
[0813/171317.449:ERROR:process_memory_win.cc(73)] ReadMemory at 0x2a65a0a2390 of 132 bytes failed: Only part of a ReadProcessMemory or WriteProcessMemory request was completed. (0x12B)
[0813/171317.449:ERROR:process_memory_win.cc(73)] ReadMemory at 0x2a65a0a25f0 of 132 bytes failed: Only part of a ReadProcessMemory or WriteProcessMemory request was completed. (0x12B)
[0813/171317.449:ERROR:process_memory_win.cc(73)] ReadMemory at 0x2a65a0a2980 of 132 bytes failed: Only part of a ReadProcessMemory or WriteProcessMemory request was completed. (0x12B)
[0813/171317.449:ERROR:process_memory_win.cc(73)] ReadMemory at 0x2a65a0a2ab0 of 132 bytes failed: Only part of a ReadProcessMemory or WriteProcessMemory request was completed. (0x12B)
[0813/171317.449:ERROR:process_memory_win.cc(73)] ReadMemory at 0x2a65a0a2be0 of 132 bytes failed: Only part of a ReadProcessMemory or WriteProcessMemory request was completed. (0x12B)
[0813/171317.450:ERROR:process_memory_win.cc(73)] ReadMemory at 0x2a65a0a2e40 of 132 bytes failed: Only part of a ReadProcessMemory or WriteProcessMemory request was completed. (0x12B)
[0813/171317.450:ERROR:process_memory_win.cc(73)] ReadMemory at 0x2a65a0a2f70 of 132 bytes failed: Only part of a ReadProcessMemory or WriteProcessMemory request was completed. (0x12B)
[0813/171317.450:ERROR:process_memory_win.cc(73)] ReadMemory at 0x2a65a0a30a0 of 132 bytes failed: Only part of a ReadProcessMemory or WriteProcessMemory request was completed. (0x12B)
[0813/171317.450:ERROR:process_memory_win.cc(73)] ReadMemory at 0x2a65a0a31d0 of 132 bytes failed: Only part of a ReadProcessMemory or WriteProcessMemory request was completed. (0x12B)
[0813/171317.450:ERROR:process_memory_win.cc(73)] ReadMemory at 0x2a65a0a3300 of 132 bytes failed: Only part of a ReadProcessMemory or WriteProcessMemory request was completed. (0x12B)
[0813/171317.451:ERROR:process_memory_win.cc(73)] ReadMemory at 0x2a65a0a3430 of 132 bytes failed: Only part of a ReadProcessMemory or WriteProcessMemory request was completed. (0x12B)
[0813/171317.451:ERROR:process_memory_win.cc(73)] ReadMemory at 0x2a65a0a3690 of 132 bytes failed: Only part of a ReadProcessMemory or WriteProcessMemory request was completed. (0x12B)
[0813/171317.452:ERROR:process_memory_win.cc(73)] ReadMemory at 0x2a65a0a37c0 of 132 bytes failed: Only part of a ReadProcessMemory or WriteProcessMemory request was completed. (0x12B)
[0813/171317.452:ERROR:process_memory_win.cc(73)] ReadMemory at 0x2a65a0a38f0 of 132 bytes failed: Only part of a ReadProcessMemory or WriteProcessMemory request was completed. (0x12B)
[0813/171317.452:ERROR:process_memory_win.cc(73)] ReadMemory at 0x2a65a0a3a20 of 132 bytes failed: Only part of a ReadProcessMemory or WriteProcessMemory request was completed. (0x12B)
[0813/171317.452:ERROR:process_memory_win.cc(73)] ReadMemory at 0x2a65a0a3b50 of 132 bytes failed: Only part of a ReadProcessMemory or WriteProcessMemory request was completed. (0x12B)
[0813/171317.453:ERROR:process_memory_win.cc(73)] ReadMemory at 0x2a65a0a3c80 of 132 bytes failed: Only part of a ReadProcessMemory or WriteProcessMemory request was completed. (0x12B)
[0813/171317.453:ERROR:process_memory_win.cc(73)] ReadMemory at 0x2a65a0a3db0 of 132 bytes failed: Only part of a ReadProcessMemory or WriteProcessMemory request was completed. (0x12B)
[0813/171317.453:ERROR:process_memory_win.cc(73)] ReadMemory at 0x2a65a0c5900 of 58 bytes failed: Only part of a ReadProcessMemory or WriteProcessMemory request was completed. (0x12B)
[0813/171317.453:ERROR:process_memory_win.cc(73)] ReadMemory at 0x2a65a0c5bd0 of 62 bytes failed: Only part of a ReadProcessMemory or WriteProcessMemory request was completed. (0x12B)
[0813/171317.453:ERROR:process_memory_win.cc(73)] ReadMemory at 0x2a65a0c5c20 of 62 bytes failed: Only part of a ReadProcessMemory or WriteProcessMemory request was completed. (0x12B)
[0813/171317.454:ERROR:process_memory_win.cc(73)] ReadMemory at 0x2a65a0c5c70 of 60 bytes failed: Only part of a ReadProcessMemory or WriteProcessMemory request was completed. (0x12B)
[0813/171317.454:ERROR:process_memory_win.cc(73)] ReadMemory at 0x2a65a0c5ea0 of 64 bytes failed: Only part of a ReadProcessMemory or WriteProcessMemory request was completed. (0x12B)
[0813/171317.454:ERROR:process_memory_win.cc(73)] ReadMemory at 0x2a65a0c5ef0 of 62 bytes failed: Only part of a ReadProcessMemory or WriteProcessMemory request was completed. (0x12B)
[0813/171317.455:ERROR:process_memory_win.cc(73)] ReadMemory at 0x2a65a0c5f40 of 58 bytes failed: Only part of a ReadProcessMemory or WriteProcessMemory request was completed. (0x12B)
[0813/171317.456:ERROR:process_memory_win.cc(73)] ReadMemory at 0x2a65a0c6260 of 58 bytes failed: Only part of a ReadProcessMemory or WriteProcessMemory request was completed. (0x12B)
[0813/171317.456:ERROR:process_memory_win.cc(73)] ReadMemory at 0x2a65a0c62b0 of 60 bytes failed: Only part of a ReadProcessMemory or WriteProcessMemory request was completed. (0x12B)
[0813/171317.456:ERROR:process_memory_win.cc(73)] ReadMemory at 0x2a65a0c6710 of 66 bytes failed: Only part of a ReadProcessMemory or WriteProcessMemory request was completed. (0x12B)
[0813/171317.456:ERROR:process_memory_win.cc(73)] ReadMemory at 0x2a65a0fabc8 of 512 bytes failed: Only part of a ReadProcessMemory or WriteProcessMemory request was completed. (0x12B)
[0813/171317.457:ERROR:process_memory_win.cc(73)] ReadMemory at 0x2a65a0ff360 of 512 bytes failed: Only part of a ReadProcessMemory or WriteProcessMemory request was completed. (0x12B)
[0813/171317.457:ERROR:process_memory_win.cc(73)] ReadMemory at 0x2a65a1017c0 of 512 bytes failed: Only part of a ReadProcessMemory or WriteProcessMemory request was completed. (0x12B)
[0813/171317.457:ERROR:process_memory_win.cc(73)] ReadMemory at 0x2a65a1148e0 of 512 bytes failed: Only part of a ReadProcessMemory or WriteProcessMemory request was completed. (0x12B)
[0813/171317.458:ERROR:process_memory_win.cc(73)] ReadMemory at 0x2a65a115690 of 512 bytes failed: Only part of a ReadProcessMemory or WriteProcessMemory request was completed. (0x12B)
[0813/171317.458:ERROR:process_memory_win.cc(73)] ReadMemory at 0x2a65a1220c0 of 712 bytes failed: Only part of a ReadProcessMemory or WriteProcessMemory request was completed. (0x12B)
[0813/171317.458:ERROR:process_memory_win.cc(73)] ReadMemory at 0x2a65a141610 of 512 bytes failed: Only part of a ReadProcessMemory or WriteProcessMemory request was completed. (0x12B)
[0813/171317.459:ERROR:process_memory_win.cc(73)] ReadMemory at 0x2a65a15c400 of 512 bytes failed: Only part of a ReadProcessMemory or WriteProcessMemory request was completed. (0x12B)
[0813/171317.459:ERROR:process_memory_win.cc(73)] ReadMemory at 0x2a65bad0000 of 384 bytes failed: Only part of a ReadProcessMemory or WriteProcessMemory request was completed. (0x12B)
[0813/171317.459:ERROR:process_memory_win.cc(73)] ReadMemory at 0x2a65bb827b0 of 512 bytes failed: Only part of a ReadProcessMemory or WriteProcessMemory request was completed. (0x12B)
[0813/171317.459:ERROR:process_memory_win.cc(73)] ReadMemory at 0x2a65bca1290 of 808 bytes failed: Only part of a ReadProcessMemory or WriteProcessMemory request was completed. (0x12B)
[0813/171317.460:ERROR:process_memory_win.cc(73)] ReadMemory at 0x2a65bd936f0 of 512 bytes failed: Only part of a ReadProcessMemory or WriteProcessMemory request was completed. (0x12B)
[0813/171317.460:ERROR:process_memory_win.cc(73)] ReadMemory at 0x2a65bdb6648 of 512 bytes failed: Only part of a ReadProcessMemory or WriteProcessMemory request was completed. (0x12B)
[0813/171317.460:ERROR:process_memory_win.cc(73)] ReadMemory at 0x2a65c1539b0 of 512 bytes failed: Only part of a ReadProcessMemory or WriteProcessMemory request was completed. (0x12B)
[0813/171317.461:ERROR:process_memory_win.cc(73)] ReadMemory at 0x2a65c153df0 of 512 bytes failed: Only part of a ReadProcessMemory or WriteProcessMemory request was completed. (0x12B)
[0813/171317.461:ERROR:process_memory_win.cc(73)] ReadMemory at 0x2a65c156430 of 512 bytes failed: Only part of a ReadProcessMemory or WriteProcessMemory request was completed. (0x12B)
[0813/171317.462:ERROR:process_memory_win.cc(73)] ReadMemory at 0x2a65c156870 of 512 bytes failed: Only part of a ReadProcessMemory or WriteProcessMemory request was completed. (0x12B)
[0813/171317.462:ERROR:process_memory_win.cc(73)] ReadMemory at 0x2a65c382340 of 512 bytes failed: Only part of a ReadProcessMemory or WriteProcessMemory request was completed. (0x12B)
[0813/171317.462:ERROR:process_memory_win.cc(73)] ReadMemory at 0x2a65d9890c0 of 512 bytes failed: Only part of a ReadProcessMemory or WriteProcessMemory request was completed. (0x12B)
[0813/171317.462:ERROR:process_memory_win.cc(73)] ReadMemory at 0x2a65d98e1c0 of 512 bytes failed: Only part of a ReadProcessMemory or WriteProcessMemory request was completed. (0x12B)
[0813/171317.463:ERROR:process_memory_win.cc(73)] ReadMemory at 0x2a65d9f2330 of 512 bytes failed: Only part of a ReadProcessMemory or WriteProcessMemory request was completed. (0x12B)
[0813/171317.463:ERROR:process_memory_win.cc(73)] ReadMemory at 0x2a65dcb2e80 of 512 bytes failed: Only part of a ReadProcessMemory or WriteProcessMemory request was completed. (0x12B)
[0813/171317.463:ERROR:process_memory_win.cc(73)] ReadMemory at 0xb9519f619e8 of 520 bytes failed: Only part of a ReadProcessMemory or WriteProcessMemory request was completed. (0x12B)
[0813/171317.464:ERROR:process_memory_win.cc(73)] ReadMemory at 0xb9519f7ef80 of 128 bytes failed: Only part of a ReadProcessMemory or WriteProcessMemory request was completed. (0x12B)
[0813/171317.464:ERROR:process_memory_win.cc(73)] ReadMemory at 0x1b9b00000000 of 384 bytes failed: Only part of a ReadProcessMemory or WriteProcessMemory request was completed. (0x12B)
[0813/171317.464:ERROR:process_memory_win.cc(73)] ReadMemory at 0x1b9b000094a0 of 512 bytes failed: Only part of a ReadProcessMemory or WriteProcessMemory request was completed. (0x12B)
[0813/171317.464:ERROR:process_memory_win.cc(73)] ReadMemory at 0x1b9b0000b400 of 512 bytes failed: Only part of a ReadProcessMemory or WriteProcessMemory request was completed. (0x12B)
[0813/171317.465:ERROR:process_memory_win.cc(73)] ReadMemory at 0x2c12acbe79b8 of 512 bytes failed: Only part of a ReadProcessMemory or WriteProcessMemory request was completed. (0x12B)
[0813/171317.465:ERROR:process_memory_win.cc(73)] ReadMemory at 0x54b4482819e8 of 520 bytes failed: Only part of a ReadProcessMemory or WriteProcessMemory request was completed. (0x12B)
[0813/171317.466:ERROR:process_memory_win.cc(73)] ReadMemory at 0x54b44829ef80 of 128 bytes failed: Only part of a ReadProcessMemory or WriteProcessMemory request was completed. (0x12B)
[0813/171317.466:ERROR:process_memory_win.cc(73)] ReadMemory at 0x7ffa4c37cee0 of 512 bytes failed: Only part of a ReadProcessMemory or WriteProcessMemory request was completed. (0x12B)
[0813/171317.466:ERROR:process_memory_win.cc(73)] ReadMemory at 0x7ffa4c8dca46 of 512 bytes failed: Only part of a ReadProcessMemory or WriteProcessMemory request was completed. (0x12B)
[0813/171317.467:ERROR:process_memory_win.cc(73)] ReadMemory at 0x7ffa4dcd6f82 of 512 bytes failed: Only part of a ReadProcessMemory or WriteProcessMemory request was completed. (0x12B)
[0813/171317.467:ERROR:process_memory_win.cc(73)] ReadMemory at 0x7ffa502e31a4 of 512 bytes failed: Only part of a ReadProcessMemory or WriteProcessMemory request was completed. (0x12B)
[0813/171317.467:ERROR:process_memory_win.cc(73)] ReadMemory at 0x7ffa5056a318 of 512 bytes failed: Only part of a ReadProcessMemory or WriteProcessMemory request was completed. (0x12B)
[0813/171317.468:ERROR:process_memory_win.cc(73)] ReadMemory at 0x7ffa50939880 of 512 bytes failed: Only part of a ReadProcessMemory or WriteProcessMemory request was completed. (0x12B)
[0813/171317.468:ERROR:process_memory_win.cc(73)] ReadMemory at 0x7ffa50ac20e8 of 512 bytes failed: Only part of a ReadProcessMemory or WriteProcessMemory request was completed. (0x12B)
[0813/171317.468:ERROR:process_memory_win.cc(73)] ReadMemory at 0x7ffa50f0c188 of 512 bytes failed: Only part of a ReadProcessMemory or WriteProcessMemory request was completed. (0x12B)
[0813/171317.469:ERROR:process_memory_win.cc(73)] ReadMemory at 0x7ffa8cafa719 of 512 bytes failed: Only part of a ReadProcessMemory or WriteProcessMemory request was completed. (0x12B)
[0813/171317.469:ERROR:process_memory_win.cc(73)] ReadMemory at 0x7ffa8cd2c720 of 512 bytes failed: Only part of a ReadProcessMemory or WriteProcessMemory request was completed. (0x12B)
[0813/171317.469:ERROR:process_memory_win.cc(73)] ReadMemory at 0x7ffa8fa9c3bf of 512 bytes failed: Only part of a ReadProcessMemory or WriteProcessMemory request was completed. (0x12B)
[0813/171317.469:ERROR:process_memory_win.cc(73)] ReadMemory at 0x7ffa8fafc074 of 672 bytes failed: Only part of a ReadProcessMemory or WriteProcessMemory request was completed. (0x12B)
[0813/171317.469:ERROR:process_memory_win.cc(73)] ReadMemory at 0x7ffa8fafc674 of 512 bytes failed: Only part of a ReadProcessMemory or WriteProcessMemory request was completed. (0x12B)
[0813/171317.470:ERROR:process_memory_win.cc(73)] ReadMemory at 0x7ffa8faff924 of 608 bytes failed: Only part of a ReadProcessMemory or WriteProcessMemory request was completed. (0x12B)
[0813/171317.470:ERROR:process_memory_win.cc(73)] ReadMemory at 0x7ffa8fb8c428 of 18 bytes failed: Only part of a ReadProcessMemory or WriteProcessMemory request was completed. (0x12B)
[0813/171317.471:ERROR:process_memory_win.cc(73)] ReadMemory at 0x7ffa8fbbf4f8 of 40 bytes failed: Only part of a ReadProcessMemory or WriteProcessMemory request was completed. (0x12B)
[0813/171317.471:ERROR:process_memory_win.cc(73)] ReadMemory at 0x7ffa8fbbf978 of 48 bytes failed: Only part of a ReadProcessMemory or WriteProcessMemory request was completed. (0x12B)
[0813/171317.471:ERROR:process_memory_win.cc(73)] ReadMemory at 0x7ffa8fbc53c0 of 64 bytes failed: Only part of a ReadProcessMemory or WriteProcessMemory request was completed. (0x12B)
[0813/171317.474:ERROR:scoped_process_suspend.cc(40)] NtResumeProcess: An attempt was made to access an exiting process. (0xc000010a)
